<?xml version="1.0" encoding="UTF-8"?>
<!-- Generated by org.testng.reporters.JUnitReportReporter -->
<testsuite hostname="454f2098818754d" failures="0" tests="1" name="FlipKartT.FlipKT" time="12.922" errors="0" timestamp="2023-10-04T19:22:41 IST" skipped="0">
  <testcase classname="FlipKartT.FlipKT" name="searchAndAddToCart" time="12.922"/>
  <system-out/>
</testsuite> <!-- FlipKartT.FlipKT -->
